<?xml version="1.0" encoding="UTF-8"?>
<!-- Generated by org.testng.reporters.JUnitXMLReporter -->
<testsuite hostname="2359s-MacBook-Pro.local" ignored="1" name="Authentication" tests="5" failures="0" timestamp="14 Jun 2019 02:58:24 GMT" time="151.684" errors="0">
  <testcase name="@BeforeClass setup" time="151.664" classname="com.media2359.tests.BaseTest">
    <failure type="org.openqa.selenium.SessionNotCreatedException" message="Unable to create a new remote session. Please check the server log for more details. Original error: An unknown server-side error occurred while processing the command. Original error: Could not find a connected Android device.
Build info: version: &amp;apos;3.141.59&amp;apos;, revision: &amp;apos;e82be7d358&amp;apos;, time: &amp;apos;2018-11-14T08:17:03&amp;apos;
System info: host: &amp;apos;2359s-MacBook-Pro.local&amp;apos;, ip: &amp;apos;fe80:0:0:0:18fb:5e26:168b:15f7%en0&amp;apos;, os.name: &amp;apos;Mac OS X&amp;apos;, os.arch: &amp;apos;x86_64&amp;apos;, os.version: &amp;apos;10.14.4&amp;apos;, java.version: &amp;apos;1.8.0_202&amp;apos;
Driver info: driver.version: AndroidDriver
remote stacktrace: UnknownError: An unknown server-side error occurred while processing the command. Original error: Could not find a connected Android device.
    at getResponseForW3CError (/usr/local/lib/node_modules/appium/node_modules/appium-base-driver/lib/protocol/errors.js:826:9)
    at asyncHandler (/usr/local/lib/node_modules/appium/node_modules/appium-base-driver/lib/protocol/protocol.js:447:37)
Build info: version: &amp;apos;3.141.59&amp;apos;, revision: &amp;apos;e82be7d358&amp;apos;, time: &amp;apos;2018-11-14T08:17:03&amp;apos;
System info: host: &amp;apos;2359s-MacBook-Pro.local&amp;apos;, ip: &amp;apos;fe80:0:0:0:18fb:5e26:168b:15f7%en0&amp;apos;, os.name: &amp;apos;Mac OS X&amp;apos;, os.arch: &amp;apos;x86_64&amp;apos;, os.version: &amp;apos;10.14.4&amp;apos;, java.version: &amp;apos;1.8.0_202&amp;apos;
Driver info: driver.version: AndroidDriver">
      <![CDATA[org.openqa.selenium.SessionNotCreatedException: Unable to create a new remote session. Please check the server log for more details. Original error: An unknown server-side error occurred while processing the command. Original error: Could not find a connected Android device.
Build info: version: '3.141.59', revision: 'e82be7d358', time: '2018-11-14T08:17:03'
System info: host: '2359s-MacBook-Pro.local', ip: 'fe80:0:0:0:18fb:5e26:168b:15f7%en0', os.name: 'Mac OS X', os.arch: 'x86_64', os.version: '10.14.4', java.version: '1.8.0_202'
Driver info: driver.version: AndroidDriver
remote stacktrace: UnknownError: An unknown server-side error occurred while processing the command. Original error: Could not find a connected Android device.
    at getResponseForW3CError (/usr/local/lib/node_modules/appium/node_modules/appium-base-driver/lib/protocol/errors.js:826:9)
    at asyncHandler (/usr/local/lib/node_modules/appium/node_modules/appium-base-driver/lib/protocol/protocol.js:447:37)
Build info: version: '3.141.59', revision: 'e82be7d358', time: '2018-11-14T08:17:03'
System info: host: '2359s-MacBook-Pro.local', ip: 'fe80:0:0:0:18fb:5e26:168b:15f7%en0', os.name: 'Mac OS X', os.arch: 'x86_64', os.version: '10.14.4', java.version: '1.8.0_202'
Driver info: driver.version: AndroidDriver
at io.appium.java_client.remote.AppiumCommandExecutor$1.createSession(AppiumCommandExecutor.java:208)
at io.appium.java_client.remote.AppiumCommandExecutor.createSession(AppiumCommandExecutor.java:217)
at io.appium.java_client.remote.AppiumCommandExecutor.execute(AppiumCommandExecutor.java:239)
at org.openqa.selenium.remote.RemoteWebDriver.execute(RemoteWebDriver.java:552)
at io.appium.java_client.DefaultGenericMobileDriver.execute(DefaultGenericMobileDriver.java:42)
at io.appium.java_client.AppiumDriver.execute(AppiumDriver.java:1)
at io.appium.java_client.android.AndroidDriver.execute(AndroidDriver.java:1)
at org.openqa.selenium.remote.RemoteWebDriver.startSession(RemoteWebDriver.java:213)
at org.openqa.selenium.remote.RemoteWebDriver.<init>(RemoteWebDriver.java:131)
at io.appium.java_client.DefaultGenericMobileDriver.<init>(DefaultGenericMobileDriver.java:38)
at io.appium.java_client.AppiumDriver.<init>(AppiumDriver.java:84)
at io.appium.java_client.AppiumDriver.<init>(AppiumDriver.java:94)
at io.appium.java_client.android.AndroidDriver.<init>(AndroidDriver.java:95)
at com.media2359.tests.BaseTest.initDriver(BaseTest.java:144)
at com.media2359.tests.BaseTest.setup(BaseTest.java:87)
at com.media2359.App.main(App.java:41)
at io.appium.java_client.remote.AppiumCommandExecutor$1.createSession(AppiumCommandExecutor.java:186)
... 38 more
Caused by: org.openqa.selenium.WebDriverException: An unknown server-side error occurred while processing the command. Original error: Could not find a connected Android device.
Build info: version: '3.141.59', revision: 'e82be7d358', time: '2018-11-14T08:17:03'
System info: host: '2359s-MacBook-Pro.local', ip: 'fe80:0:0:0:18fb:5e26:168b:15f7%en0', os.name: 'Mac OS X', os.arch: 'x86_64', os.version: '10.14.4', java.version: '1.8.0_202'
Driver info: driver.version: AndroidDriver
remote stacktrace: UnknownError: An unknown server-side error occurred while processing the command. Original error: Could not find a connected Android device.
    at getResponseForW3CError (/usr/local/lib/node_modules/appium/node_modules/appium-base-driver/lib/protocol/errors.js:826:9)
    at asyncHandler (/usr/local/lib/node_modules/appium/node_modules/appium-base-driver/lib/protocol/protocol.js:447:37)
at org.openqa.selenium.remote.W3CHandshakeResponse.lambda$errorHandler$0(W3CHandshakeResponse.java:62)
at org.openqa.selenium.remote.HandshakeResponse.lambda$getResponseFunction$0(HandshakeResponse.java:30)
at org.openqa.selenium.remote.ProtocolHandshake.lambda$createSession$0(ProtocolHandshake.java:126)
at java.util.stream.ReferencePipeline$3$1.accept(ReferencePipeline.java:193)
at java.util.Spliterators$ArraySpliterator.tryAdvance(Spliterators.java:958)
at java.util.stream.ReferencePipeline.forEachWithCancel(ReferencePipeline.java:126)
at java.util.stream.AbstractPipeline.copyIntoWithCancel(AbstractPipeline.java:498)
at java.util.stream.AbstractPipeline.copyInto(AbstractPipeline.java:485)
at java.util.stream.AbstractPipeline.wrapAndCopyInto(AbstractPipeline.java:471)
at java.util.stream.FindOps$FindOp.evaluateSequential(FindOps.java:152)
at java.util.stream.AbstractPipeline.evaluate(AbstractPipeline.java:234)
at java.util.stream.ReferencePipeline.findFirst(ReferencePipeline.java:464)
at org.openqa.selenium.remote.ProtocolHandshake.createSession(ProtocolHandshake.java:128)
... 43 more
... Removed 32 stack frames]]>
    </failure>
  </testcase> <!-- @BeforeClass setup -->
  <testcase name="@BeforeMethod beforeMethodStart" time="0.0" classname="com.media2359.tests.BaseTest">
    <skipped/>
  </testcase> <!-- @BeforeMethod beforeMethodStart -->
  <testcase name="@AfterMethod screenShot" time="0.0" classname="com.media2359.tests.BaseTest">
    <skipped/>
  </testcase> <!-- @AfterMethod screenShot -->
  <testcase name="@BeforeMethod beforeMethodStart" time="0.0" classname="com.media2359.tests.BaseTest">
    <skipped/>
  </testcase> <!-- @BeforeMethod beforeMethodStart -->
  <testcase name="@AfterMethod screenShot" time="0.0" classname="com.media2359.tests.BaseTest">
    <skipped/>
  </testcase> <!-- @AfterMethod screenShot -->
  <testcase name="@BeforeMethod beforeMethodStart" time="0.0" classname="com.media2359.tests.BaseTest">
    <skipped/>
  </testcase> <!-- @BeforeMethod beforeMethodStart -->
  <testcase name="@AfterMethod screenShot" time="0.0" classname="com.media2359.tests.BaseTest">
    <skipped/>
  </testcase> <!-- @AfterMethod screenShot -->
  <testcase name="@BeforeMethod beforeMethodStart" time="0.0" classname="com.media2359.tests.BaseTest">
    <skipped/>
  </testcase> <!-- @BeforeMethod beforeMethodStart -->
  <testcase name="@AfterMethod screenShot" time="0.0" classname="com.media2359.tests.BaseTest">
    <skipped/>
  </testcase> <!-- @AfterMethod screenShot -->
  <testcase name="@BeforeMethod beforeMethodStart" time="0.0" classname="com.media2359.tests.BaseTest">
    <skipped/>
  </testcase> <!-- @BeforeMethod beforeMethodStart -->
  <testcase name="@AfterMethod screenShot" time="0.0" classname="com.media2359.tests.BaseTest">
    <skipped/>
  </testcase> <!-- @AfterMethod screenShot -->
  <testcase name="@AfterClass tearDown" time="0.0" classname="com.media2359.tests.BaseTest">
    <skipped/>
  </testcase> <!-- @AfterClass tearDown -->
  <testcase name="A_001_LaunchApp" time="0.0" classname="com.media2359.tests.a_Authentication">
    <skipped/>
  </testcase> <!-- A_001_LaunchApp -->
  <testcase name="A_005_ViewDisclaimer" time="0.0" classname="com.media2359.tests.a_Authentication">
    <skipped/>
  </testcase> <!-- A_005_ViewDisclaimer -->
  <testcase name="A_003_ForgotPassword" time="0.0" classname="com.media2359.tests.a_Authentication">
    <skipped/>
  </testcase> <!-- A_003_ForgotPassword -->
  <testcase name="A_005_ForgotPasswordCall" time="0.0" classname="com.media2359.tests.a_Authentication">
    <skipped/>
  </testcase> <!-- A_005_ForgotPasswordCall -->
  <testcase name="A_002_ValidLogin" time="0.0" classname="com.media2359.tests.a_Authentication">
    <skipped/>
  </testcase> <!-- A_002_ValidLogin -->
  <testcase name="A_004_ForgotPasswordEmail" time="0.0" classname="com.media2359.tests.a_Authentication">
    <ignored/>
  </testcase> <!-- A_004_ForgotPasswordEmail -->
</testsuite> <!-- Authentication -->
