<?xml version="1.0" encoding="UTF-8"?>
<testng-results skipped="0" failed="1" ignored="13" total="14" passed="0">
  <reporter-output>
    <line>
      <![CDATA[true]]>
    </line>
    <line>
      <![CDATA[.activities.LauncherActivity]]>
    </line>
  </reporter-output>
  <suite name="Suite" duration-ms="50682" started-at="2019-07-01T03:59:06Z" finished-at="2019-07-01T03:59:57Z">
    <groups>
    </groups>
    <test name="DutyHour" duration-ms="50682" started-at="2019-07-01T03:59:06Z" finished-at="2019-07-01T03:59:57Z">
      <class name="com.media2359.tests.b_DutyHour_listview">
        <test-method status="PASS" signature="setup(java.lang.String, java.lang.String, java.lang.String, java.lang.String, java.lang.String, java.lang.String)[pri:0, instance:com.media2359.tests.b_DutyHour_listview@34033bd0]" name="setup" is-config="true" duration-ms="12491" started-at="2019-07-01T03:59:06Z" finished-at="2019-07-01T03:59:19Z">
          <params>
            <param index="0">
              <value>
                <![CDATA[00fd7f39d4b8aaa1]]>
              </value>
            </param>
            <param index="1">
              <value>
                <![CDATA[Android]]>
              </value>
            </param>
            <param index="2">
              <value>
                <![CDATA[https://app.2359media.net/downloads/19658/1560419426/b085e8776e4340a5b18db257a2c454c3f6e2d7b65605e010767598c56e1e4e77]]>
              </value>
            </param>
            <param index="3">
              <value>
                <![CDATA[com.nhg.sandbox]]>
              </value>
            </param>
            <param index="4">
              <value>
                <![CDATA[com.nhg.activity.login.LoginEmailActivity]]>
              </value>
            </param>
            <param index="5">
              <value>
                <![CDATA[UiAutomator2]]>
              </value>
            </param>
          </params>
          <reporter-output>
          </reporter-output>
        </test-method> <!-- setup -->
        <test-method status="PASS" signature="login(java.lang.String, java.lang.String)[pri:0, instance:com.media2359.tests.b_DutyHour_listview@34033bd0]" name="login" is-config="true" duration-ms="4982" started-at="2019-07-01T03:59:19Z" finished-at="2019-07-01T03:59:24Z">
          <params>
            <param index="0">
              <value>
                <![CDATA[resident3]]>
              </value>
            </param>
            <param index="1">
              <value>
                <![CDATA[password.123]]>
              </value>
            </param>
          </params>
          <reporter-output>
          </reporter-output>
        </test-method> <!-- login -->
        <test-method status="PASS" signature="beforeMethodStart()[pri:0, instance:com.media2359.tests.b_DutyHour_listview@34033bd0]" name="beforeMethodStart" is-config="true" duration-ms="0" started-at="2019-07-01T03:59:24Z" finished-at="2019-07-01T03:59:24Z">
          <reporter-output>
          </reporter-output>
        </test-method> <!-- beforeMethodStart -->
        <test-method status="FAIL" signature="B_014_goToListView()[pri:0, instance:com.media2359.tests.b_DutyHour_listview@34033bd0]" name="B_014_goToListView" duration-ms="29292" started-at="2019-07-01T03:59:24Z" finished-at="2019-07-01T03:59:53Z">
          <exception class="java.lang.AssertionError">
            <message>
              <![CDATA[Expected condition failed: waiting for visibility of Located by By.chained({By.id: com.nhg.sandbox:id/iv_right_actionbar}) (tried for 15 second(s) with 500 milliseconds interval)]]>
            </message>
            <full-stacktrace>
              <![CDATA[java.lang.AssertionError: Expected condition failed: waiting for visibility of Located by By.chained({By.id: com.nhg.sandbox:id/iv_right_actionbar}) (tried for 15 second(s) with 500 milliseconds interval)
at org.testng.Assert.fail(Assert.java:96)
at com.media2359.tests.b_DutyHour_listview.B_014_goToListView(b_DutyHour_listview.java:101)
at sun.reflect.NativeMethodAccessorImpl.invoke0(Native Method)
at sun.reflect.NativeMethodAccessorImpl.invoke(NativeMethodAccessorImpl.java:62)
at sun.reflect.DelegatingMethodAccessorImpl.invoke(DelegatingMethodAccessorImpl.java:43)
at java.lang.reflect.Method.invoke(Method.java:498)
at org.testng.internal.MethodInvocationHelper.invokeMethod(MethodInvocationHelper.java:124)
at org.testng.internal.Invoker.invokeMethod(Invoker.java:583)
at org.testng.internal.Invoker.invokeTestMethod(Invoker.java:719)
at org.testng.internal.Invoker.invokeTestMethods(Invoker.java:989)
at org.testng.internal.TestMethodWorker.invokeTestMethods(TestMethodWorker.java:125)
at org.testng.internal.TestMethodWorker.run(TestMethodWorker.java:109)
at org.testng.TestRunner.privateRun(TestRunner.java:648)
at org.testng.TestRunner.run(TestRunner.java:505)
at org.testng.SuiteRunner.runTest(SuiteRunner.java:455)
at org.testng.SuiteRunner.runSequentially(SuiteRunner.java:450)
at org.testng.SuiteRunner.privateRun(SuiteRunner.java:415)
at org.testng.SuiteRunner.run(SuiteRunner.java:364)
at org.testng.SuiteRunnerWorker.runSuite(SuiteRunnerWorker.java:52)
at org.testng.SuiteRunnerWorker.run(SuiteRunnerWorker.java:84)
at org.testng.TestNG.runSuitesSequentially(TestNG.java:1208)
at org.testng.TestNG.runSuitesLocally(TestNG.java:1137)
at org.testng.TestNG.runSuites(TestNG.java:1049)
at org.testng.TestNG.run(TestNG.java:1017)
at com.media2359.App.main(App.java:41)
]]>
            </full-stacktrace>
          </exception> <!-- java.lang.AssertionError -->
          <reporter-output>
            <line>
              <![CDATA[true]]>
            </line>
            <line>
              <![CDATA[.activities.LauncherActivity]]>
            </line>
          </reporter-output>
        </test-method> <!-- B_014_goToListView -->
        <test-method status="PASS" signature="screenShot(org.testng.ITestResult)[pri:0, instance:com.media2359.tests.b_DutyHour_listview@34033bd0]" name="screenShot" is-config="true" duration-ms="3330" started-at="2019-07-01T03:59:53Z" finished-at="2019-07-01T03:59:57Z">
          <params>
            <param index="0">
              <value>
                <![CDATA[[TestResult name=B_014_goToListView status=FAILURE method=b_DutyHour_listview.B_014_goToListView()[pri:0, instance:com.media2359.tests.b_DutyHour_listview@34033bd0] output=true]]]>
              </value>
            </param>
          </params>
          <reporter-output>
          </reporter-output>
        </test-method> <!-- screenShot -->
        <test-method status="PASS" signature="tearDown()[pri:0, instance:com.media2359.tests.b_DutyHour_listview@34033bd0]" name="tearDown" is-config="true" duration-ms="573" started-at="2019-07-01T03:59:57Z" finished-at="2019-07-01T03:59:57Z">
          <reporter-output>
          </reporter-output>
        </test-method> <!-- tearDown -->
      </class> <!-- com.media2359.tests.b_DutyHour_listview -->
    </test> <!-- DutyHour -->
  </suite> <!-- Suite -->
</testng-results>
